<?xml version="1.0" encoding="UTF-8" ?>
<testsuite tests="41" failures="0" name="calendar.ApptTest" time="0.245" errors="0" skipped="0">
  <properties>
    <property name="java.runtime.name" value="Java(TM) SE Runtime Environment"/>
    <property name="java.vm.version" value="9.0.4+11"/>
    <property name="sun.boot.library.path" value="C:\Program Files\Java\jdk-9.0.4\bin"/>
    <property name="maven.multiModuleProjectDirectory" value="C:/Users/ARAHIM-WPC/Desktop/CS 362/CS362-001-S2018/projects/binyahya/Assignment-2/Calendar"/>
    <property name="java.vm.vendor" value="Oracle Corporation"/>
    <property name="java.vendor.url" value="http://java.oracle.com/"/>
    <property name="guice.disable.misplaced.annotation.check" value="true"/>
    <property name="path.separator" value=";"/>
    <property name="java.vm.name" value="Java HotSpot(TM) 64-Bit Server VM"/>
    <property name="file.encoding.pkg" value="sun.io"/>
    <property name="sun.os.patch.level" value=""/>
    <property name="user.script" value=""/>
    <property name="user.country" value="US"/>
    <property name="sun.java.launcher" value="SUN_STANDARD"/>
    <property name="java.vm.specification.name" value="Java Virtual Machine Specification"/>
    <property name="user.dir" value="C:\Users\ARAHIM-WPC\Desktop\CS 362\CS362-001-S2018\projects\binyahya\Assignment-2\Calendar"/>
    <property name="java.vm.compressedOopsMode" value="32-bit"/>
    <property name="java.runtime.version" value="9.0.4+11"/>
    <property name="java.awt.graphicsenv" value="sun.awt.Win32GraphicsEnvironment"/>
    <property name="os.arch" value="amd64"/>
    <property name="java.io.tmpdir" value="C:\Users\ARAHIM~1\AppData\Local\Temp\"/>
    <property name="line.separator" value="
"/>
    <property name="java.vm.specification.vendor" value="Oracle Corporation"/>
    <property name="user.variant" value=""/>
    <property name="os.name" value="Windows 10"/>
    <property name="classworlds.conf" value="C:/Program Files (x86)/apache-maven-3.5.3/bin/m2.conf"/>
    <property name="sun.jnu.encoding" value="Cp1252"/>
    <property name="java.library.path" value="C:\Program Files\Java\jdk-9.0.4\bin;C:\WINDOWS\Sun\Java\bin;C:\WINDOWS\system32;C:\WINDOWS;C:\Users\ARAHIM-WPC\bin;C:\Program Files\Git\mingw64\bin;C:\Program Files\Git\usr\local\bin;C:\Program Files\Git\usr\bin;C:\Program Files\Git\usr\bin;C:\Program Files\Git\mingw64\bin;C:\Program Files\Git\usr\bin;C:\Users\ARAHIM-WPC\bin;C:\ProgramData\Oracle\Java\javapath;C:\Program Files\Java\jdk-9.0.4\bin;C:\Program Files (x86)\apache-maven-3.5.3\bin;C:\Program Files (x86)\Intel\iCLS Client;C:\Program Files\Dell\DW WLAN Card;C:\Program Files\Intel\iCLS Client;C:\WINDOWS\system32;C:\WINDOWS;C:\WINDOWS\System32\Wbem;C:\WINDOWS\System32\WindowsPowerShell\v1.0;C:\Program Files\WIDCOMM\Bluetooth Software;C:\Program Files\WIDCOMM\Bluetooth Software\syswow64;C:\Program Files\Microsoft SQL Server\130\Tools\Binn;C:\Program Files\MySQL\MySQL Utilities 1.6;C:\Program Files\Microsoft SQL Server\120\Tools\Binn;C:\Program Files\Microsoft\Web Platform Installer;C:\Program Files\dotnet;C:\Program Files (x86)\GtkSharp\2.12\bin;C:\Program Files\TortoiseSVN\bin;C:\Program Files\Microsoft SQL Server\Client SDK\ODBC\130\Tools\Binn;C:\Program Files (x86)\Microsoft SQL Server\140\Tools\Binn;C:\Program Files\Microsoft SQL Server\140\Tools\Binn;C:\Program Files\Microsoft SQL Server\140\DTS\Binn;C:\Program Files (x86)\Microsoft SQL Server\Client SDK\ODBC\130\Tools\Binn;C:\Program Files (x86)\Microsoft SQL Server\140\DTS\Binn;C:\Program Files (x86)\Microsoft SQL Server\140\Tools\Binn\ManagementStudio;C:\Program Files (x86)\Intel\Intel(R) Management Engine Components\DAL;C:\Program Files\Intel\Intel(R) Management Engine Components\DAL;C:\Program Files (x86)\Intel\Intel(R) Management Engine Components\IPT;C:\Program Files\Intel\Intel(R) Management Engine Components\IPT;C:\Program Files\Git\cmd;C:\Program Files\MATLAB\R2018a\bin;C:\Program Files\PuTTY;C:\WINDOWS\System32\OpenSSH;C:\Users\ARAHIM-WPC\AppData\Local\Microsoft\WindowsApps;C:\Users\ARAHIM-WPC\AppData\Local\GitHubDesktop\bin;C:\Users\ARAHIM-WPC\AppData\Local\Microsoft\WindowsApps;C:\Program Files\Git\usr\bin\vendor_perl;C:\Program Files\Git\usr\bin\core_perl;."/>
    <property name="maven.conf" value="C:/Program Files (x86)/apache-maven-3.5.3/conf"/>
    <property name="jdk.debug" value="release"/>
    <property name="java.class.version" value="53.0"/>
    <property name="java.specification.name" value="Java Platform API Specification"/>
    <property name="sun.management.compiler" value="HotSpot 64-Bit Tiered Compilers"/>
    <property name="os.version" value="10.0"/>
    <property name="library.jansi.path" value="C:/Program Files (x86)/apache-maven-3.5.3/lib/jansi-native"/>
    <property name="user.home" value="C:\Users\ARAHIM-WPC"/>
    <property name="user.timezone" value="GMT-07:00"/>
    <property name="java.awt.printerjob" value="sun.awt.windows.WPrinterJob"/>
    <property name="file.encoding" value="Cp1252"/>
    <property name="java.specification.version" value="9"/>
    <property name="user.name" value="ARAHIM-WPC"/>
    <property name="java.class.path" value="C:/Program Files (x86)/apache-maven-3.5.3/boot/plexus-classworlds-2.5.2.jar"/>
    <property name="java.vm.specification.version" value="9"/>
    <property name="sun.arch.data.model" value="64"/>
    <property name="sun.java.command" value="org.codehaus.plexus.classworlds.launcher.Launcher test"/>
    <property name="java.home" value="C:\Program Files\Java\jdk-9.0.4"/>
    <property name="user.language" value="en"/>
    <property name="java.specification.vendor" value="Oracle Corporation"/>
    <property name="awt.toolkit" value="sun.awt.windows.WToolkit"/>
    <property name="java.vm.info" value="mixed mode"/>
    <property name="java.version" value="9.0.4"/>
    <property name="java.vendor" value="Oracle Corporation"/>
    <property name="maven.home" value="C:\Program Files (x86)\apache-maven-3.5.3"/>
    <property name="file.separator" value="\"/>
    <property name="java.vendor.url.bug" value="http://bugreport.java.com/bugreport/"/>
    <property name="sun.io.unicode.encoding" value="UnicodeLittle"/>
    <property name="sun.cpu.endian" value="little"/>
    <property name="sun.desktop" value="windows"/>
    <property name="sun.cpu.isalist" value="amd64"/>
  </properties>
  <testcase classname="calendar.ApptTest" name="setValidTrueTest" time="0.141"/>
  <testcase classname="calendar.ApptTest" name="setValidDayTest1" time="0.015"/>
  <testcase classname="calendar.ApptTest" name="setValidDayTest2" time="0"/>
  <testcase classname="calendar.ApptTest" name="setValidHourTest1" time="0"/>
  <testcase classname="calendar.ApptTest" name="setValidHourTest2" time="0"/>
  <testcase classname="calendar.ApptTest" name="setTitleTest1" time="0.016"/>
  <testcase classname="calendar.ApptTest" name="setTitleTest2" time="0"/>
  <testcase classname="calendar.ApptTest" name="setRecurDays1Test" time="0.015"/>
  <testcase classname="calendar.ApptTest" name="setRecurDays2Test" time="0.016"/>
  <testcase classname="calendar.ApptTest" name="setValidYearTest" time="0"/>
  <testcase classname="calendar.ApptTest" name="test00" time="0"/>
  <testcase classname="calendar.ApptTest" name="setStartDayTest" time="0"/>
  <testcase classname="calendar.ApptTest" name="setIsOnTest1" time="0"/>
  <testcase classname="calendar.ApptTest" name="setIsOnTest2" time="0"/>
  <testcase classname="calendar.ApptTest" name="setIsOnTest3" time="0"/>
  <testcase classname="calendar.ApptTest" name="setIsOnTest4" time="0.016"/>
  <testcase classname="calendar.ApptTest" name="setRecurIncrementTest" time="0"/>
  <testcase classname="calendar.ApptTest" name="setRecurByTest" time="0"/>
  <testcase classname="calendar.ApptTest" name="setStartMinuteTest" time="0"/>
  <testcase classname="calendar.ApptTest" name="setStartYearTest" time="0"/>
  <testcase classname="calendar.ApptTest" name="setRecurNumber" time="0"/>
  <testcase classname="calendar.ApptTest" name="apptConstructorTest1" time="0"/>
  <testcase classname="calendar.ApptTest" name="apptConstructorTest2" time="0"/>
  <testcase classname="calendar.ApptTest" name="setValidMonthTest1" time="0"/>
  <testcase classname="calendar.ApptTest" name="setValidMonthTest2" time="0"/>
  <testcase classname="calendar.ApptTest" name="hasTimeSet1" time="0.015"/>
  <testcase classname="calendar.ApptTest" name="hasTimeSet2" time="0"/>
  <testcase classname="calendar.ApptTest" name="isRecurringTest1" time="0"/>
  <testcase classname="calendar.ApptTest" name="isRecurringTest2" time="0"/>
  <testcase classname="calendar.ApptTest" name="setValidMinuteTest1" time="0"/>
  <testcase classname="calendar.ApptTest" name="setValidMinuteTest2" time="0"/>
  <testcase classname="calendar.ApptTest" name="setStartHourTest" time="0.009"/>
  <testcase classname="calendar.ApptTest" name="setStartMonthTest" time="0.001"/>
  <testcase classname="calendar.ApptTest" name="representationAppTest1" time="0"/>
  <testcase classname="calendar.ApptTest" name="representationAppTest2" time="0.001"/>
  <testcase classname="calendar.ApptTest" name="representationAppTest3" time="0"/>
  <testcase classname="calendar.ApptTest" name="setDescriptionTest1" time="0"/>
  <testcase classname="calendar.ApptTest" name="setDescriptionTest2" time="0"/>
  <testcase classname="calendar.ApptTest" name="toStringTest1" time="0"/>
  <testcase classname="calendar.ApptTest" name="setEmailAddressTest1" time="0"/>
  <testcase classname="calendar.ApptTest" name="setEmailAddressTest2" time="0"/>
</testsuite>